<?xml version="1.0" encoding="UTF-8"?>
<testng-results ignored="0" total="2" passed="2" failed="0" skipped="0">
  <reporter-output>
  </reporter-output>
  <suite started-at="2023-08-24T11:32:59 IST" name="Default suite" finished-at="2023-08-24T11:32:59 IST" duration-ms="67">
    <groups>
    </groups>
    <test started-at="2023-08-24T11:32:59 IST" name="Default test" finished-at="2023-08-24T11:32:59 IST" duration-ms="67">
      <class name="TestNG.Case1">
        <test-method signature="m1()[pri:0, instance:TestNG.Case1@1e04fa0a]" started-at="2023-08-24T11:32:59 IST" name="m1" finished-at="2023-08-24T11:32:59 IST" duration-ms="12" status="PASS">
          <reporter-output>
          </reporter-output>
        </test-method> <!-- m1 -->
        <test-method signature="m2()[pri:0, instance:TestNG.Case1@1e04fa0a]" started-at="2023-08-24T11:32:59 IST" name="m2" finished-at="2023-08-24T11:32:59 IST" duration-ms="1" status="PASS">
          <reporter-output>
          </reporter-output>
        </test-method> <!-- m2 -->
      </class> <!-- TestNG.Case1 -->
    </test> <!-- Default test -->
  </suite> <!-- Default suite -->
</testng-results>
